\BOOKMARK [0][-]{Abstract.0}{Abstract}{}% 1
\BOOKMARK [0][-]{Contents.0}{Contents}{}% 2
\BOOKMARK [0][-]{Dedication.0}{Dedication}{}% 3
\BOOKMARK [0][-]{chapter.0}{Introduction}{}% 4
\BOOKMARK [1][-]{section.0.1}{What\040we\040mean\040by\040``quantum"}{chapter.0}% 5
\BOOKMARK [1][-]{section.0.2}{Quantum\040simulation:\040probing\040quantum\040many-body\040problems}{chapter.0}% 6
\BOOKMARK [1][-]{section.0.3}{A\040non-equilibrium\040quantum\040phase}{chapter.0}% 7
\BOOKMARK [1][-]{section.0.4}{Outline}{chapter.0}% 8
\BOOKMARK [0][-]{chapter.1}{Optical\040Lattices\040and\040the\040Bose-Hubbard\040model}{}% 9
\BOOKMARK [1][-]{section.1.1}{Single-particle\040physics\040in\040optical\040lattices}{chapter.1}% 10
\BOOKMARK [1][-]{section.1.2}{The\040Bose-Hubbard\040model}{chapter.1}% 11
\BOOKMARK [1][-]{section.1.3}{Quantum\040phase\040transitions:\040superfluid\040to\040Mott-insulator}{chapter.1}% 12
\BOOKMARK [1][-]{section.1.4}{Discussion:\040beyond\040tight-binding\040Bose-Hubbard}{chapter.1}% 13
\BOOKMARK [0][-]{chapter.2}{Quantum\040gas\040microscope:\040an\040overview}{}% 14
\BOOKMARK [1][-]{section.2.1}{Optical\040lattice\040potentials}{chapter.2}% 15
\BOOKMARK [1][-]{section.2.2}{Arbitrary\040potential\040generation}{chapter.2}% 16
\BOOKMARK [1][-]{section.2.3}{Imaging\040and\040readout}{chapter.2}% 17
\BOOKMARK [1][-]{section.2.4}{Calibration\040of\040energy\040scales}{chapter.2}% 18
\BOOKMARK [0][-]{chapter.3}{Correlations,\040Entanglement,\040and\040Quantum\040Phase\040Transitions}{}% 19
\BOOKMARK [1][-]{section.3.1}{Coherent\040superposition\040and\040statistical\040distributions}{chapter.3}% 20
\BOOKMARK [1][-]{section.3.2}{Correlations\040and\040Entanglement}{chapter.3}% 21
\BOOKMARK [1][-]{section.3.3}{Superfluid-to-Mott-insulator\040transition}{chapter.3}% 22
\BOOKMARK [1][-]{section.3.4}{Ising\040model\040phase\040transition}{chapter.3}% 23
\BOOKMARK [1][-]{section.3.5}{Discussion}{chapter.3}% 24
\BOOKMARK [0][-]{chapter.4}{Isolated\040quantum\040systems\040and\040local\040thermalization\040within\040eigenstates}{}% 25
\BOOKMARK [1][-]{section.4.1}{Quantum\040thermalization}{chapter.4}% 26
\BOOKMARK [1][-]{section.4.2}{Protocol\040and\040Model}{chapter.4}% 27
\BOOKMARK [1][-]{section.4.3}{Non-equilibrium\040systems\040and\040highly\040excited\040eigenstates}{chapter.4}% 28
\BOOKMARK [1][-]{section.4.4}{Entropy\040from\040entanglement\040and\040thermalization}{chapter.4}% 29
\BOOKMARK [1][-]{section.4.5}{Discussion}{chapter.4}% 30
\BOOKMARK [0][-]{chapter.5}{Correlation\040dynamics\040in\040many-body\040localization}{}% 31
\BOOKMARK [1][-]{section.5.1}{Localization in the interacting Aubry-André model}{chapter.5}% 32
\BOOKMARK [1][-]{section.5.2}{Breakdown\040of\040thermalization}{chapter.5}% 33
\BOOKMARK [1][-]{section.5.3}{Localization\040of\040particles}{chapter.5}% 34
\BOOKMARK [1][-]{section.5.4}{Entanglement\040dynamics\040in\040an\040interacting,\040many-body\040localized\040system}{chapter.5}% 35
\BOOKMARK [1][-]{section.5.5}{Decoherence\040from\040scattering}{chapter.5}% 36
\BOOKMARK [1][-]{section.5.6}{Discussion}{chapter.5}% 37
\BOOKMARK [0][-]{chapter.6}{Critical\040behavior\040of\040the\040many-body-localization\040transition}{}% 38
\BOOKMARK [1][-]{section.6.1}{Critical\040behavior\040and\040phase\040transitions}{chapter.6}% 39
\BOOKMARK [1][-]{section.6.2}{Localization\040and\040transport}{chapter.6}% 40
\BOOKMARK [1][-]{section.6.3}{Critical\040transport\040behavior}{chapter.6}% 41
\BOOKMARK [1][-]{section.6.4}{Correlation\040Structure}{chapter.6}% 42
\BOOKMARK [1][-]{section.6.5}{High-order\040Correlations}{chapter.6}% 43
\BOOKMARK [1][-]{section.6.6}{Discussion}{chapter.6}% 44
\BOOKMARK [0][-]{chapter.7}{Conclusion}{}% 45
\BOOKMARK [1][-]{section.7.1}{Summary}{chapter.7}% 46
\BOOKMARK [1][-]{section.7.2}{Outlook}{chapter.7}% 47
\BOOKMARK [0][-]{Appendix.1.A}{Appendix\040Atomic\040Properties\040of\040\04087Rb}{}% 48
\BOOKMARK [0][-]{Appendix.1.B}{Appendix\040Numerics}{}% 49
\BOOKMARK [0][-]{Appendix.1.C}{Appendix\040Experimental\040Sequences}{}% 50
\BOOKMARK [0][-]{Appendix.1.D}{Appendix\040Chapter\0401\040Calculations}{}% 51
\BOOKMARK [1][-]{section.1.D.1}{Optical\040lattice\040potential\040from\040laser\040light}{Appendix.1.D}% 52
\BOOKMARK [1][-]{section.1.D.2}{Harmonic\040Oscillator\040Approximation}{Appendix.1.D}% 53
\BOOKMARK [0][-]{Appendix.1.E}{Appendix\040Chapter\0402\040Calculations}{}% 54
\BOOKMARK [1][-]{section.1.E.1}{Z-lattices\040from\040angled\040reflection}{Appendix.1.E}% 55
\BOOKMARK [1][-]{section.1.E.2}{Calculations\040for\040Disorder\040and\040zero-point\040energy}{Appendix.1.E}% 56
\BOOKMARK [0][-]{Appendix.1.F}{Appendix\040Chapter\0403\040Calculations}{}% 57
\BOOKMARK [1][-]{section.1.F.1}{Mapping:\040Bose-Hubbard\040model\040to\040transverse\040Ising\040Model}{Appendix.1.F}% 58
\BOOKMARK [0][-]{Appendix.1.G}{Appendix\040Chapter\0404\040Calculations}{}% 59
\BOOKMARK [1][-]{section.1.G.1}{Predictions\040from\040thermodynamic\040ensembles}{Appendix.1.G}% 60
\BOOKMARK [1][-]{section.1.G.2}{Entropies}{Appendix.1.G}% 61
\BOOKMARK [0][-]{Appendix.1.H}{Appendix\040Chapter\0405\040Calculations}{}% 62
\BOOKMARK [1][-]{section.1.H.1}{Scaling\040and\040limitations\040of\040configurational\040correlator}{Appendix.1.H}% 63
\BOOKMARK [0][-]{Appendix.1.I}{Appendix\040Chapter\0406\040Calculations}{}% 64
\BOOKMARK [1][-]{section.1.I.1}{x\040:\040Time\040Scaling\040Behavior\040\(Power\040Law\04012-Sites\)}{Appendix.1.I}% 65
\BOOKMARK [1][-]{section.1.I.2}{Spectral\040Statistics}{Appendix.1.I}% 66
\BOOKMARK [1][-]{section.1.I.3}{Enhanced\040Thermalization}{Appendix.1.I}% 67
\BOOKMARK [1][-]{section.1.I.4}{Subsystem-size\040fluctuations\040scaling}{Appendix.1.I}% 68
\BOOKMARK [0][-]{chapter*.67}{references}{}% 69
